[24/Jul/2026 14:12:35] "GET /api/clients/ HTTP/1.1" 200 313
[24/Jul/2026 14:15:03] "GET /api/invoices/ HTTP/1.1" 200 2
[24/Jul/2026 14:15:03] "GET /api/invoices/ HTTP/1.1" 200 2
[24/Jul/2026 14:15:07] "GET /api/quotes/ HTTP/1.1" 200 111
[24/Jul/2026 14:15:07] "GET /api/quotes/ HTTP/1.1" 200 111
[24/Jul/2026 14:15:09] "GET /api/payments/ HTTP/1.1" 200 2
[24/Jul/2026 14:15:09] "GET /api/payments/ HTTP/1.1" 200 2
[24/Jul/2026 14:15:10] "GET /api/settings/business/ HTTP/1.1" 200 80
[24/Jul/2026 14:15:10] "GET /api/settings/business/ HTTP/1.1" 200 80
[24/Jul/2026 14:17:33] "GET /api/invoices/ HTTP/1.1" 200 2
[24/Jul/2026 14:17:33] "GET /api/invoices/ HTTP/1.1" 200 2
[24/Jul/2026 14:17:35] "GET /api/payments/ HTTP/1.1" 200 2
[24/Jul/2026 14:17:35] "GET /api/payments/ HTTP/1.1" 200 2
[24/Jul/2026 14:17:36] "GET /api/invoices/ HTTP/1.1" 200 2
[24/Jul/2026 14:17:37] "GET /api/invoices/ HTTP/1.1" 200 2
[24/Jul/2026 14:17:37] "GET /api/quotes/ HTTP/1.1" 200 111
[24/Jul/2026 14:17:37] "GET /api/quotes/ HTTP/1.1" 200 111
[24/Jul/2026 14:17:39] "GET /api/clients/ HTTP/1.1" 200 313
[24/Jul/2026 14:17:39] "GET /api/clients/ HTTP/1.1" 200 313
[24/Jul/2026 14:17:39] "GET /api/invoices/ HTTP/1.1" 200 2
[24/Jul/2026 14:17:39] "GET /api/invoices/ HTTP/1.1" 200 2
[24/Jul/2026 14:17:39] "GET /api/quotes/ HTTP/1.1" 200 111
[24/Jul/2026 14:17:39] "GET /api/payments/ HTTP/1.1" 200 2
[24/Jul/2026 14:17:39] "GET /api/quotes/ HTTP/1.1" 200 111
[24/Jul/2026 14:17:39] "GET /api/settings/business/ HTTP/1.1" 200 80
[24/Jul/2026 14:17:39] "GET /api/payments/ HTTP/1.1" 200 2
[24/Jul/2026 14:17:39] "GET /api/settings/business/ HTTP/1.1" 200 80
[24/Jul/2026 14:18:38] "GET /api/quotes/ HTTP/1.1" 200 111
[24/Jul/2026 14:18:38] "GET /api/quotes/ HTTP/1.1" 200 111
[24/Jul/2026 14:18:43] "GET /api/invoices/ HTTP/1.1" 200 2
[24/Jul/2026 14:18:43] "GET /api/invoices/ HTTP/1.1" 200 2
[24/Jul/2026 14:18:44] "GET /api/payments/ HTTP/1.1" 200 2
[24/Jul/2026 14:18:44] "GET /api/payments/ HTTP/1.1" 200 2
[24/Jul/2026 14:18:47] "GET /api/clients/ HTTP/1.1" 200 313
[24/Jul/2026 14:18:47] "GET /api/clients/ HTTP/1.1" 200 313
[24/Jul/2026 14:18:57] "OPTIONS /api/payments/ HTTP/1.1" 200 0
[24/Jul/2026 14:18:57] "POST /api/payments/ HTTP/1.1" 201 129
[24/Jul/2026 14:18:59] "GET /api/payments/ HTTP/1.1" 200 131
[24/Jul/2026 14:18:59] "GET /api/payments/ HTTP/1.1" 200 131
[24/Jul/2026 14:19:01] "GET /api/invoices/ HTTP/1.1" 200 2
[24/Jul/2026 14:19:01] "GET /api/quotes/ HTTP/1.1" 200 111
[24/Jul/2026 14:19:01] "GET /api/payments/ HTTP/1.1" 200 131
[24/Jul/2026 14:19:01] "GET /api/settings/business/ HTTP/1.1" 200 80
[24/Jul/2026 14:19:01] "GET /api/clients/ HTTP/1.1" 200 313
[24/Jul/2026 14:19:01] "GET /api/invoices/ HTTP/1.1" 200 2
[24/Jul/2026 14:19:01] "GET /api/quotes/ HTTP/1.1" 200 111
[24/Jul/2026 14:19:01] "GET /api/payments/ HTTP/1.1" 200 131
[24/Jul/2026 14:19:01] "GET /api/settings/business/ HTTP/1.1" 200 80
[24/Jul/2026 14:19:01] "GET /api/clients/ HTTP/1.1" 200 313
[24/Jul/2026 14:19:06] "GET /api/quotes/ HTTP/1.1" 200 111
[24/Jul/2026 14:19:06] "GET /api/quotes/ HTTP/1.1" 200 111
[24/Jul/2026 14:19:08] "GET /api/invoices/ HTTP/1.1" 200 2
[24/Jul/2026 14:19:08] "GET /api/invoices/ HTTP/1.1" 200 2
[24/Jul/2026 14:19:10] "GET /api/clients/ HTTP/1.1" 200 313
[24/Jul/2026 14:19:10] "GET /api/clients/ HTTP/1.1" 200 313
[24/Jul/2026 14:19:29] "OPTIONS /api/invoices/ HTTP/1.1" 200 0
[24/Jul/2026 14:19:29] "POST /api/invoices/ HTTP/1.1" 201 99
[24/Jul/2026 14:19:31] "GET /api/invoices/ HTTP/1.1" 200 101
[24/Jul/2026 14:19:31] "GET /api/invoices/ HTTP/1.1" 200 101
[24/Jul/2026 14:19:35] "GET /api/payments/ HTTP/1.1" 200 131
[24/Jul/2026 14:19:35] "GET /api/payments/ HTTP/1.1" 200 131
[24/Jul/2026 14:19:37] "GET /api/clients/ HTTP/1.1" 200 313
[24/Jul/2026 14:19:37] "GET /api/settings/business/ HTTP/1.1" 200 80
[24/Jul/2026 14:19:37] "GET /api/quotes/ HTTP/1.1" 200 111
[24/Jul/2026 14:19:37] "GET /api/invoices/ HTTP/1.1" 200 101
[24/Jul/2026 14:19:37] "GET /api/payments/ HTTP/1.1" 200 131
[24/Jul/2026 14:19:37] "GET /api/settings/business/ HTTP/1.1" 200 80
[24/Jul/2026 14:19:37] "GET /api/clients/ HTTP/1.1" 200 313
[24/Jul/2026 14:19:37] "GET /api/quotes/ HTTP/1.1" 200 111
[24/Jul/2026 14:19:37] "GET /api/invoices/ HTTP/1.1" 200 101
[24/Jul/2026 14:19:37] "GET /api/payments/ HTTP/1.1" 200 131
[24/Jul/2026 14:20:22] "GET /api/quotes/ HTTP/1.1" 200 111
[24/Jul/2026 14:20:22] "GET /api/quotes/ HTTP/1.1" 200 111
[24/Jul/2026 14:20:47] "GET /api/invoices/ HTTP/1.1" 200 101
[24/Jul/2026 14:20:47] "GET /api/invoices/ HTTP/1.1" 200 101
[24/Jul/2026 14:26:46] "POST /api/auth/login/ HTTP/1.1" 401 38
[24/Jul/2026 14:27:38,378] - Broken pipe from ('127.0.0.1', 51209)
[24/Jul/2026 14:28:26,913] - Broken pipe from ('127.0.0.1', 51247)
